<?xml version="1.0" encoding="UTF-8"?>
<testng-results skipped="0" failed="0" ignored="0" total="1" passed="1">
  <reporter-output>
  </reporter-output>
  <suite name="Default suite" duration-ms="35356" started-at="2020-05-19T08:56:46 IST" finished-at="2020-05-19T08:57:22 IST">
    <groups>
    </groups>
    <test name="Default test" duration-ms="35356" started-at="2020-05-19T08:56:46 IST" finished-at="2020-05-19T08:57:22 IST">
      <class name="testcases.VerifyLoginPage">
        <test-method status="PASS" signature="browserSetup()[pri:0, instance:testcases.VerifyLoginPage@71bbf57e]" name="browserSetup" is-config="true" duration-ms="13460" started-at="2020-05-19T08:56:46 IST" finished-at="2020-05-19T08:57:00 IST">
          <reporter-output>
          </reporter-output>
        </test-method> <!-- browserSetup -->
        <test-method status="PASS" signature="verifyLoginPage()[pri:0, instance:testcases.VerifyLoginPage@71bbf57e]" name="verifyLoginPage" duration-ms="21837" started-at="2020-05-19T08:57:00 IST" finished-at="2020-05-19T08:57:22 IST">
          <reporter-output>
          </reporter-output>
        </test-method> <!-- verifyLoginPage -->
      </class> <!-- testcases.VerifyLoginPage -->
    </test> <!-- Default test -->
  </suite> <!-- Default suite -->
</testng-results>
